<?xml version="1.0" encoding="UTF-8"?>
<testsuite xmlns:xsi="http://www.w3.org/2001/XMLSchema-instance" xsi:noNamespaceSchemaLocation="https://maven.apache.org/surefire/maven-surefire-plugin/xsd/surefire-test-report-3.0.xsd" version="3.0" name="StudentAnalyzerTest" time="0.199" tests="12" errors="0" skipped="0" failures="0">
  <properties>
[...]
</properties>
  <testcase name="testCalculateValidAverage_AllInvalid" classname="StudentAnalyzerTest" time="0.091"/>
  <testcase name="testCountExcellentStudents_BoundaryValues" classname="StudentAnalyzerTest" time="0.002"/>
  <testcase name="testCalculateValidAverage_SingleValid" classname="StudentAnalyzerTest" time="0.002"/>
  <testcase name="testCalculateValidAverage_MixedValidInvalid" classname="StudentAnalyzerTest" time="0.002"/>
  <testcase name="testCountExcellentStudents_MixedValidInvalid" classname="StudentAnalyzerTest" time="0.011"/>
  <testcase name="testCountExcellentStudents_NullList" classname="StudentAnalyzerTest" time="0.003"/>
  <testcase name="testCalculateValidAverage_EmptyList" classname="StudentAnalyzerTest" time="0.002"/>
  <testcase name="testCalculateValidAverage_NullList" classname="StudentAnalyzerTest" time="0.002"/>
  <testcase name="testCountExcellentStudents_SingleValid" classname="StudentAnalyzerTest" time="0.0"/>
  <testcase name="testCalculateValidAverage_BoundaryValues" classname="StudentAnalyzerTest" time="0.003"/>
  <testcase name="testCountExcellentStudents_AllInvalid" classname="StudentAnalyzerTest" time="0.004"/>
  <testcase name="testCountExcellentStudents_EmptyList" classname="StudentAnalyzerTest" time="0.002"/>
</testsuite>